1499333810228	geckodriver	INFO	Listening on 127.0.0.1:49686
1499333817307	mozprofile::profile	INFO	Using profile path /var/folders/yc/4j8ypf9x0sg0zq495vpfbn140000gn/T/rust_mozprofile.EE3k9y8kS7a2
1499333820276	geckodriver::marionette	INFO	Starting browser /Applications/Firefox.app/Contents/MacOS/firefox-bin with args []
1499333820524	geckodriver::marionette	INFO	Connecting to Marionette on localhost:49718
1499333824207	addons.manager	DEBUG	Loaded provider scope for resource://gre/modules/addons/XPIProvider.jsm: ["XPIProvider"]
1499333824213	addons.manager	DEBUG	Loaded provider scope for resource://gre/modules/LightweightThemeManager.jsm: ["LightweightThemeManager"]
1499333824224	addons.manager	DEBUG	Loaded provider scope for resource://gre/modules/addons/GMPProvider.jsm
1499333824230	addons.manager	DEBUG	Loaded provider scope for resource://gre/modules/addons/PluginProvider.jsm
1499333824231	addons.manager	DEBUG	Starting provider: XPIProvider
1499333824231	addons.xpi	DEBUG	startup
1499333824233	addons.xpi	INFO	SystemAddonInstallLocation scanning directory /var/folders/yc/4j8ypf9x0sg0zq495vpfbn140000gn/T/rust_mozprofile.EE3k9y8kS7a2/features/{24b53f37-cb9e-a449-a0a0-21df846f612b}
1499333824234	addons.xpi	INFO	Mapping deployment-checker@mozilla.org to /var/folders/yc/4j8ypf9x0sg0zq495vpfbn140000gn/T/rust_mozprofile.EE3k9y8kS7a2/features/{24b53f37-cb9e-a449-a0a0-21df846f612b}/deployment-checker@mozilla.org.xpi
1499333824235	addons.xpi	INFO	Mapping e10srollout@mozilla.org to /var/folders/yc/4j8ypf9x0sg0zq495vpfbn140000gn/T/rust_mozprofile.EE3k9y8kS7a2/features/{24b53f37-cb9e-a449-a0a0-21df846f612b}/e10srollout@mozilla.org.xpi
1499333824236	addons.xpi	INFO	Mapping aushelper@mozilla.org to /Applications/Firefox.app/Contents/Resources/browser/features/aushelper@mozilla.org.xpi
1499333824237	addons.xpi	INFO	Mapping deployment-checker@mozilla.org to /Applications/Firefox.app/Contents/Resources/browser/features/deployment-checker@mozilla.org.xpi
1499333824238	addons.xpi	INFO	Mapping e10srollout@mozilla.org to /Applications/Firefox.app/Contents/Resources/browser/features/e10srollout@mozilla.org.xpi
1499333824238	addons.xpi	INFO	Mapping firefox@getpocket.com to /Applications/Firefox.app/Contents/Resources/browser/features/firefox@getpocket.com.xpi
1499333824239	addons.xpi	INFO	Mapping webcompat@mozilla.org to /Applications/Firefox.app/Contents/Resources/browser/features/webcompat@mozilla.org.xpi
1499333824240	addons.xpi	INFO	Mapping {972ce4c6-7e08-4474-a285-3208198ce6fd} to /Applications/Firefox.app/Contents/Resources/browser/extensions/{972ce4c6-7e08-4474-a285-3208198ce6fd}.xpi
1499333824241	addons.xpi	DEBUG	checkForChanges
1499333824243	addons.xpi	DEBUG	Loaded add-on state from prefs: {"app-system-defaults":{"aushelper@mozilla.org":{"d":"/Applications/Firefox.app/Contents/Resources/browser/features/aushelper@mozilla.org.xpi","e":true,"v":"2.0","st":1491159796000},"deployment-checker@mozilla.org":{"d":"/Applications/Firefox.app/Contents/Resources/browser/features/deployment-checker@mozilla.org.xpi","e":true,"v":"1.0","st":1491159796000},"e10srollout@mozilla.org":{"d":"/Applications/Firefox.app/Contents/Resources/browser/features/e10srollout@mozilla.org.xpi","e":true,"v":"1.9","st":1491159796000},"firefox@getpocket.com":{"d":"/Applications/Firefox.app/Contents/Resources/browser/features/firefox@getpocket.com.xpi","e":true,"v":"1.0.5","st":1491159796000},"webcompat@mozilla.org":{"d":"/Applications/Firefox.app/Contents/Resources/browser/features/webcompat@mozilla.org.xpi","e":true,"v":"1.0","st":1491159796000}},"app-global":{"{972ce4c6-7e08-4474-a285-3208198ce6fd}":{"d":"/Applications/Firefox.app/Contents/Resources/browser/extensions/{972ce4c6-7e08-4474-a285-3208198ce6fd}.xpi","e":true,"v":"52.0.2","st":1491159796000}},"app-system-local":{"web2pdfextension@web2pdf.adobedotcom":{"d":"/Library/Application Support/Mozilla/Extensions/{ec8030f7-c20a-464f-9b0e-13a3a9e97384}/web2pdfextension@web2pdf.adobedotcom","e":false,"v":"1.1","st":1372116689000,"mt":1315232431000}},"app-system-addons":{"deployment-checker@mozilla.org":{"d":"/Users/Alexandre/Library/Application Support/Firefox/Profiles/67y53u60.default-1491160038966/features/{24b53f37-cb9e-a449-a0a0-21df846f612b}/deployment-checker@mozilla.org.xpi","e":true,"v":"1.0","st":1491160593000},"e10srollout@mozilla.org":{"d":"/Users/Alexandre/Library/Application Support/Firefox/Profiles/67y53u60.default-1491160038966/features/{24b53f37-cb9e-a449-a0a0-21df846f612b}/e10srollout@mozilla.org.xpi","e":true,"v":"1.12","st":1491160593000}}}
1499333824245	addons.xpi	DEBUG	getModTime: Recursive scan of deployment-checker@mozilla.org
1499333824246	addons.xpi	DEBUG	Changed add-on deployment-checker@mozilla.org in app-system-addons
1499333824248	addons.xpi	DEBUG	getModTime: Recursive scan of e10srollout@mozilla.org
1499333824248	addons.xpi	DEBUG	Changed add-on e10srollout@mozilla.org in app-system-addons
1499333824250	addons.xpi	DEBUG	getModTime: Recursive scan of aushelper@mozilla.org
1499333824251	addons.xpi	DEBUG	Changed add-on aushelper@mozilla.org in app-system-defaults
1499333824252	addons.xpi	DEBUG	getModTime: Recursive scan of deployment-checker@mozilla.org
1499333824252	addons.xpi	DEBUG	Changed add-on deployment-checker@mozilla.org in app-system-defaults
1499333824253	addons.xpi	DEBUG	getModTime: Recursive scan of e10srollout@mozilla.org
1499333824253	addons.xpi	DEBUG	Changed add-on e10srollout@mozilla.org in app-system-defaults
1499333824254	addons.xpi	DEBUG	getModTime: Recursive scan of firefox@getpocket.com
1499333824255	addons.xpi	DEBUG	Changed add-on firefox@getpocket.com in app-system-defaults
1499333824255	addons.xpi	DEBUG	getModTime: Recursive scan of webcompat@mozilla.org
1499333824256	addons.xpi	DEBUG	Changed add-on webcompat@mozilla.org in app-system-defaults
1499333824256	addons.xpi	DEBUG	getModTime: Recursive scan of {972ce4c6-7e08-4474-a285-3208198ce6fd}
1499333824256	addons.xpi	DEBUG	Changed add-on {972ce4c6-7e08-4474-a285-3208198ce6fd} in app-global
1499333824257	addons.xpi	DEBUG	getInstallState changed: true, state: {"app-system-addons":{"deployment-checker@mozilla.org":{"d":"/var/folders/yc/4j8ypf9x0sg0zq495vpfbn140000gn/T/rust_mozprofile.EE3k9y8kS7a2/features/{24b53f37-cb9e-a449-a0a0-21df846f612b}/deployment-checker@mozilla.org.xpi","e":true,"v":"1.0","st":1499333819000},"e10srollout@mozilla.org":{"d":"/var/folders/yc/4j8ypf9x0sg0zq495vpfbn140000gn/T/rust_mozprofile.EE3k9y8kS7a2/features/{24b53f37-cb9e-a449-a0a0-21df846f612b}/e10srollout@mozilla.org.xpi","e":true,"v":"1.12","st":1499333819000}},"app-system-defaults":{"aushelper@mozilla.org":{"d":"/Applications/Firefox.app/Contents/Resources/browser/features/aushelper@mozilla.org.xpi","e":true,"v":"2.0","st":1491159796000},"deployment-checker@mozilla.org":{"d":"/Applications/Firefox.app/Contents/Resources/browser/features/deployment-checker@mozilla.org.xpi","e":true,"v":"1.0","st":1491159796000},"e10srollout@mozilla.org":{"d":"/Applications/Firefox.app/Contents/Resources/browser/features/e10srollout@mozilla.org.xpi","e":true,"v":"1.9","st":1491159796000},"firefox@getpocket.com":{"d":"/Applications/Firefox.app/Contents/Resources/browser/features/firefox@getpocket.com.xpi","e":true,"v":"1.0.5","st":1491159796000},"webcompat@mozilla.org":{"d":"/Applications/Firefox.app/Contents/Resources/browser/features/webcompat@mozilla.org.xpi","e":true,"v":"1.0","st":1491159796000}},"app-global":{"{972ce4c6-7e08-4474-a285-3208198ce6fd}":{"d":"/Applications/Firefox.app/Contents/Resources/browser/extensions/{972ce4c6-7e08-4474-a285-3208198ce6fd}.xpi","e":true,"v":"52.0.2","st":1491159796000}}}
1499333824269	addons.xpi-utils	DEBUG	Opening XPI database /var/folders/yc/4j8ypf9x0sg0zq495vpfbn140000gn/T/rust_mozprofile.EE3k9y8kS7a2/extensions.json
1499333824274	addons.xpi-utils	DEBUG	Successfully read XPI database
1499333824278	addons.xpi-utils	DEBUG	Add-on deployment-checker@mozilla.org modified in app-system-addons
*** Blocklist::_loadBlocklistFromFile: blocklist is disabled
1499333824343	DeferredSave.extensions.json	DEBUG	Save changes
1499333824347	DeferredSave.extensions.json	DEBUG	Save changes
1499333824347	addons.xpi-utils	DEBUG	Add-on e10srollout@mozilla.org modified in app-system-addons
1499333824356	DeferredSave.extensions.json	DEBUG	Starting timer
1499333824369	DeferredSave.extensions.json	DEBUG	Save changes
1499333824371	DeferredSave.extensions.json	DEBUG	Save changes
1499333824373	addons.xpi-utils	DEBUG	Add-on web2pdfextension@web2pdf.adobedotcom removed from app-system-local
1499333824373	DeferredSave.extensions.json	DEBUG	Save changes
1499333824376	addons.manager	DEBUG	Registering startup change 'changed' for deployment-checker@mozilla.org
1499333824412	addons.xpi	DEBUG	Loading bootstrap scope from /Users/Alexandre/Library/Application Support/Firefox/Profiles/67y53u60.default-1491160038966/features/{24b53f37-cb9e-a449-a0a0-21df846f612b}/deployment-checker@mozilla.org.xpi
1499333824434	addons.xpi	DEBUG	Calling bootstrap method uninstall on deployment-checker@mozilla.org version 1.0
1499333824437	addons.xpi	DEBUG	Loading bootstrap scope from /var/folders/yc/4j8ypf9x0sg0zq495vpfbn140000gn/T/rust_mozprofile.EE3k9y8kS7a2/features/{24b53f37-cb9e-a449-a0a0-21df846f612b}/deployment-checker@mozilla.org.xpi
1499333824445	addons.xpi	DEBUG	Calling bootstrap method install on deployment-checker@mozilla.org version 1.0
1499333824484	addons.xpi-utils	DEBUG	Make addon app-system-addons:deployment-checker@mozilla.org visible
1499333824484	addons.xpi-utils	DEBUG	Hide addon app-system-defaults:deployment-checker@mozilla.org
1499333824487	DeferredSave.extensions.json	DEBUG	Save changes
1499333824487	addons.manager	DEBUG	Registering startup change 'changed' for e10srollout@mozilla.org
1499333824489	addons.xpi	DEBUG	Loading bootstrap scope from /Users/Alexandre/Library/Application Support/Firefox/Profiles/67y53u60.default-1491160038966/features/{24b53f37-cb9e-a449-a0a0-21df846f612b}/e10srollout@mozilla.org.xpi
1499333824495	addons.xpi	DEBUG	Calling bootstrap method uninstall on e10srollout@mozilla.org version 1.12
1499333824497	addons.xpi	DEBUG	Loading bootstrap scope from /var/folders/yc/4j8ypf9x0sg0zq495vpfbn140000gn/T/rust_mozprofile.EE3k9y8kS7a2/features/{24b53f37-cb9e-a449-a0a0-21df846f612b}/e10srollout@mozilla.org.xpi
1499333824507	addons.xpi	DEBUG	Calling bootstrap method install on e10srollout@mozilla.org version 1.12
1499333824509	addons.xpi-utils	DEBUG	Make addon app-system-addons:e10srollout@mozilla.org visible
1499333824509	addons.xpi-utils	DEBUG	Hide addon app-system-defaults:e10srollout@mozilla.org
1499333824510	DeferredSave.extensions.json	DEBUG	Save changes
1499333824511	addons.xpi-utils	DEBUG	Make addon app-system-defaults:aushelper@mozilla.org visible
1499333824512	DeferredSave.extensions.json	DEBUG	Save changes
1499333824512	addons.xpi-utils	DEBUG	Make addon app-system-defaults:firefox@getpocket.com visible
1499333824513	DeferredSave.extensions.json	DEBUG	Save changes
1499333824513	addons.xpi-utils	DEBUG	Make addon app-system-defaults:webcompat@mozilla.org visible
1499333824514	DeferredSave.extensions.json	DEBUG	Save changes
1499333824514	addons.xpi-utils	DEBUG	Make addon app-global:{972ce4c6-7e08-4474-a285-3208198ce6fd} visible
1499333824516	DeferredSave.extensions.json	DEBUG	Save changes
1499333824518	addons.manager	DEBUG	Registering startup change 'uninstalled' for web2pdfextension@web2pdf.adobedotcom
1499333824519	addons.xpi	DEBUG	Updating XPIState for {"id":"deployment-checker@mozilla.org","syncGUID":"{77c99681-519e-2640-b100-468c879d4e35}","location":"app-system-addons","version":"1.0","type":"extension","internalName":null,"updateURL":null,"updateKey":null,"optionsURL":null,"optionsType":null,"aboutURL":null,"icons":{},"iconURL":null,"icon64URL":null,"defaultLocale":{"name":"Site Deployment Checker","description":"Check that Users Encounter Mozilla Sites as Deployed by Mozilla","creator":null,"homepageURL":null},"visible":true,"active":true,"userDisabled":false,"appDisabled":false,"descriptor":"/var/folders/yc/4j8ypf9x0sg0zq495vpfbn140000gn/T/rust_mozprofile.EE3k9y8kS7a2/features/{24b53f37-cb9e-a449-a0a0-21df846f612b}/deployment-checker@mozilla.org.xpi","installDate":1491160593000,"updateDate":1499333819000,"applyBackgroundUpdates":1,"bootstrap":true,"skinnable":false,"size":16146,"sourceURI":null,"releaseNotesURI":null,"softDisabled":false,"foreignInstall":false,"hasBinaryComponents":false,"strictCompatibility":false,"locales":[],"targetApplications":[{"id":"{ec8030f7-c20a-464f-9b0e-13a3a9e97384}","minVersion":"52.0","maxVersion":"52.*"}],"targetPlatforms":[],"multiprocessCompatible":true,"signedState":3,"seen":true,"dependencies":[],"hasEmbeddedWebExtension":false,"mpcOptedOut":false}
1499333824520	addons.xpi	DEBUG	Updating XPIState for {"id":"e10srollout@mozilla.org","syncGUID":"{33a01462-1aac-9749-87ca-2dee72ed3874}","location":"app-system-addons","version":"1.12","type":"extension","internalName":null,"updateURL":null,"updateKey":null,"optionsURL":null,"optionsType":null,"aboutURL":null,"icons":{},"iconURL":null,"icon64URL":null,"defaultLocale":{"name":"Multi-process staged rollout","description":"Staged rollout of Firefox multi-process feature.","creator":null,"homepageURL":null},"visible":true,"active":true,"userDisabled":false,"appDisabled":false,"descriptor":"/var/folders/yc/4j8ypf9x0sg0zq495vpfbn140000gn/T/rust_mozprofile.EE3k9y8kS7a2/features/{24b53f37-cb9e-a449-a0a0-21df846f612b}/e10srollout@mozilla.org.xpi","installDate":1491160593000,"updateDate":1499333819000,"applyBackgroundUpdates":1,"bootstrap":true,"skinnable":false,"size":11854,"sourceURI":null,"releaseNotesURI":null,"softDisabled":false,"foreignInstall":false,"hasBinaryComponents":false,"strictCompatibility":false,"locales":[],"targetApplications":[{"id":"{ec8030f7-c20a-464f-9b0e-13a3a9e97384}","minVersion":"51.0","maxVersion":"52.*"}],"targetPlatforms":[],"multiprocessCompatible":true,"signedState":3,"seen":true,"dependencies":[],"hasEmbeddedWebExtension":false,"mpcOptedOut":false}
1499333824520	addons.xpi	DEBUG	Updating XPIState for {"id":"aushelper@mozilla.org","syncGUID":"{54c2448d-ae70-c348-af38-a10b80ef3a81}","location":"app-system-defaults","version":"2.0","type":"extension","internalName":null,"updateURL":null,"updateKey":null,"optionsURL":null,"optionsType":null,"aboutURL":null,"icons":{},"iconURL":null,"icon64URL":null,"defaultLocale":{"name":"Application Update Service Helper","description":"Sets value(s) in the update url based on custom checks.","creator":null,"homepageURL":null},"visible":true,"active":true,"userDisabled":false,"appDisabled":false,"descriptor":"/Applications/Firefox.app/Contents/Resources/browser/features/aushelper@mozilla.org.xpi","installDate":1491159796000,"updateDate":1491159796000,"applyBackgroundUpdates":1,"bootstrap":true,"skinnable":false,"size":8488,"sourceURI":null,"releaseNotesURI":null,"softDisabled":false,"foreignInstall":false,"hasBinaryComponents":false,"strictCompatibility":false,"locales":[],"targetApplications":[{"id":"{ec8030f7-c20a-464f-9b0e-13a3a9e97384}","minVersion":"52.0.2","maxVersion":"52.*"}],"targetPlatforms":[],"multiprocessCompatible":true,"seen":true,"dependencies":[],"hasEmbeddedWebExtension":false,"mpcOptedOut":false}
1499333824522	addons.xpi	DEBUG	Updating XPIState for {"id":"deployment-checker@mozilla.org","syncGUID":"{dc5da000-0656-284a-bb42-e1fc15d3e824}","location":"app-system-defaults","version":"1.0","type":"extension","internalName":null,"updateURL":null,"updateKey":null,"optionsURL":null,"optionsType":null,"aboutURL":null,"icons":{},"iconURL":null,"icon64URL":null,"defaultLocale":{"name":"Site Deployment Checker","description":"Check that Users Encounter Mozilla Sites as Deployed by Mozilla","creator":null,"homepageURL":null},"visible":false,"active":false,"userDisabled":false,"appDisabled":false,"descriptor":"/Applications/Firefox.app/Contents/Resources/browser/features/deployment-checker@mozilla.org.xpi","installDate":1491159796000,"updateDate":1491159796000,"applyBackgroundUpdates":1,"bootstrap":true,"skinnable":false,"size":11555,"sourceURI":null,"releaseNotesURI":null,"softDisabled":false,"foreignInstall":false,"hasBinaryComponents":false,"strictCompatibility":false,"locales":[],"targetApplications":[{"id":"{ec8030f7-c20a-464f-9b0e-13a3a9e97384}","minVersion":"52.0.2","maxVersion":"52.*"}],"targetPlatforms":[],"multiprocessCompatible":true,"seen":true,"dependencies":[],"hasEmbeddedWebExtension":false,"mpcOptedOut":false}
1499333824523	addons.xpi	DEBUG	Updating XPIState for {"id":"e10srollout@mozilla.org","syncGUID":"{f14ec491-8eee-8348-9204-bf2dfe142c54}","location":"app-system-defaults","version":"1.9","type":"extension","internalName":null,"updateURL":null,"updateKey":null,"optionsURL":null,"optionsType":null,"aboutURL":null,"icons":{},"iconURL":null,"icon64URL":null,"defaultLocale":{"name":"Multi-process staged rollout","description":"Staged rollout of Firefox multi-process feature.","creator":null,"homepageURL":null},"visible":false,"active":false,"userDisabled":false,"appDisabled":false,"descriptor":"/Applications/Firefox.app/Contents/Resources/browser/features/e10srollout@mozilla.org.xpi","installDate":1491159796000,"updateDate":1491159796000,"applyBackgroundUpdates":1,"bootstrap":true,"skinnable":false,"size":7183,"sourceURI":null,"releaseNotesURI":null,"softDisabled":false,"foreignInstall":false,"hasBinaryComponents":false,"strictCompatibility":false,"locales":[],"targetApplications":[{"id":"{ec8030f7-c20a-464f-9b0e-13a3a9e97384}","minVersion":"52.0.2","maxVersion":"52.*"}],"targetPlatforms":[],"multiprocessCompatible":true,"seen":true,"dependencies":[],"hasEmbeddedWebExtension":false,"mpcOptedOut":false}
1499333824523	addons.xpi	DEBUG	Updating XPIState for {"id":"firefox@getpocket.com","syncGUID":"{c59a9068-061a-0a4c-ba22-2629a028e0a1}","location":"app-system-defaults","version":"1.0.5","type":"extension","internalName":null,"updateURL":null,"updateKey":null,"optionsURL":null,"optionsType":null,"aboutURL":null,"icons":{},"iconURL":null,"icon64URL":null,"defaultLocale":{"name":"Pocket","description":"When you find something you want to view later, put it in Pocket.","creator":null,"homepageURL":null},"visible":true,"active":true,"userDisabled":false,"appDisabled":false,"descriptor":"/Applications/Firefox.app/Contents/Resources/browser/features/firefox@getpocket.com.xpi","installDate":1491159796000,"updateDate":1491159796000,"applyBackgroundUpdates":1,"bootstrap":true,"skinnable":false,"size":920706,"sourceURI":null,"releaseNotesURI":null,"softDisabled":false,"foreignInstall":false,"hasBinaryComponents":false,"strictCompatibility":false,"locales":[],"targetApplications":[{"id":"{ec8030f7-c20a-464f-9b0e-13a3a9e97384}","minVersion":"52.0.2","maxVersion":"52.*"}],"targetPlatforms":[],"multiprocessCompatible":true,"seen":true,"dependencies":[],"hasEmbeddedWebExtension":false,"mpcOptedOut":false}
1499333824524	addons.xpi	DEBUG	Updating XPIState for {"id":"webcompat@mozilla.org","syncGUID":"{25a196fa-8a55-234f-b784-8a8096675110}","location":"app-system-defaults","version":"1.0","type":"extension","internalName":null,"updateURL":null,"updateKey":null,"optionsURL":null,"optionsType":null,"aboutURL":null,"icons":{},"iconURL":null,"icon64URL":null,"defaultLocale":{"name":"Web Compat","description":"Urgent post-release fixes for web compatibility.","creator":null,"homepageURL":null},"visible":true,"active":true,"userDisabled":false,"appDisabled":false,"descriptor":"/Applications/Firefox.app/Contents/Resources/browser/features/webcompat@mozilla.org.xpi","installDate":1491159796000,"updateDate":1491159796000,"applyBackgroundUpdates":1,"bootstrap":true,"skinnable":false,"size":1456,"sourceURI":null,"releaseNotesURI":null,"softDisabled":false,"foreignInstall":false,"hasBinaryComponents":false,"strictCompatibility":false,"locales":[],"targetApplications":[{"id":"{ec8030f7-c20a-464f-9b0e-13a3a9e97384}","minVersion":"52.0.2","maxVersion":"52.*"}],"targetPlatforms":[],"multiprocessCompatible":true,"seen":true,"dependencies":[],"hasEmbeddedWebExtension":false,"mpcOptedOut":false}
1499333824524	addons.xpi	DEBUG	Updating XPIState for {"id":"{972ce4c6-7e08-4474-a285-3208198ce6fd}","syncGUID":"{fc6dbfe9-a65c-9840-b9fa-eaed06a0e842}","location":"app-global","version":"52.0.2","type":"theme","internalName":"classic/1.0","updateURL":null,"updateKey":null,"optionsURL":null,"optionsType":null,"aboutURL":null,"icons":{"32":"icon.png","48":"icon.png"},"iconURL":null,"icon64URL":null,"defaultLocale":{"name":"Default","description":"The default theme.","creator":"Mozilla","homepageURL":null,"contributors":["Mozilla Contributors"]},"visible":true,"active":true,"userDisabled":false,"appDisabled":false,"descriptor":"/Applications/Firefox.app/Contents/Resources/browser/extensions/{972ce4c6-7e08-4474-a285-3208198ce6fd}.xpi","installDate":1491159796000,"updateDate":1491159796000,"applyBackgroundUpdates":1,"skinnable":true,"size":6352,"sourceURI":null,"releaseNotesURI":null,"softDisabled":false,"foreignInstall":false,"hasBinaryComponents":false,"strictCompatibility":true,"locales":[],"targetApplications":[{"id":"{ec8030f7-c20a-464f-9b0e-13a3a9e97384}","minVersion":"52.0.2","maxVersion":"52.0.2"}],"targetPlatforms":[],"seen":true,"dependencies":[],"hasEmbeddedWebExtension":false}
1499333824526	DeferredSave.extensions.json	DEBUG	Save changes
1499333824526	addons.xpi	DEBUG	Updating database with changes to installed add-ons
1499333824526	addons.xpi-utils	DEBUG	Updating add-on states
1499333824529	addons.xpi-utils	DEBUG	Writing add-ons list
1499333824533	addons.xpi	DEBUG	Registering manifest for /Applications/Firefox.app/Contents/Resources/browser/features/aushelper@mozilla.org.xpi
1499333824581	addons.xpi	DEBUG	Loading bootstrap scope from /Applications/Firefox.app/Contents/Resources/browser/features/aushelper@mozilla.org.xpi
1499333824585	addons.xpi	DEBUG	Calling bootstrap method startup on aushelper@mozilla.org version 2.0
1499333824587	addons.xpi	DEBUG	Registering manifest for /var/folders/yc/4j8ypf9x0sg0zq495vpfbn140000gn/T/rust_mozprofile.EE3k9y8kS7a2/features/{24b53f37-cb9e-a449-a0a0-21df846f612b}/deployment-checker@mozilla.org.xpi
1499333824588	addons.xpi	DEBUG	Calling bootstrap method startup on deployment-checker@mozilla.org version 1.0
1499333824589	addons.xpi	DEBUG	Registering manifest for /var/folders/yc/4j8ypf9x0sg0zq495vpfbn140000gn/T/rust_mozprofile.EE3k9y8kS7a2/features/{24b53f37-cb9e-a449-a0a0-21df846f612b}/e10srollout@mozilla.org.xpi
1499333824590	addons.xpi	DEBUG	Calling bootstrap method startup on e10srollout@mozilla.org version 1.12
1499333824590	addons.xpi	DEBUG	Registering manifest for /Applications/Firefox.app/Contents/Resources/browser/features/firefox@getpocket.com.xpi
1499333824606	addons.xpi	DEBUG	Loading bootstrap scope from /Applications/Firefox.app/Contents/Resources/browser/features/firefox@getpocket.com.xpi
1499333824612	addons.xpi	DEBUG	Calling bootstrap method startup on firefox@getpocket.com version 1.0.5
1499333824614	addons.xpi	DEBUG	Registering manifest for /Applications/Firefox.app/Contents/Resources/browser/features/webcompat@mozilla.org.xpi
1499333824620	addons.xpi	DEBUG	Loading bootstrap scope from /Applications/Firefox.app/Contents/Resources/browser/features/webcompat@mozilla.org.xpi
1499333824622	addons.xpi	DEBUG	Calling bootstrap method startup on webcompat@mozilla.org version 1.0
1499333824627	addons.manager	DEBUG	Registering shutdown blocker for XPIProvider
1499333824627	addons.manager	DEBUG	Provider finished startup: XPIProvider
1499333824627	addons.manager	DEBUG	Starting provider: LightweightThemeManager
1499333824627	addons.manager	DEBUG	Registering shutdown blocker for LightweightThemeManager
1499333824629	addons.manager	DEBUG	Provider finished startup: LightweightThemeManager
1499333824630	addons.manager	DEBUG	Starting provider: GMPProvider
1499333824645	addons.manager	DEBUG	Registering shutdown blocker for GMPProvider
1499333824645	addons.manager	DEBUG	Provider finished startup: GMPProvider
1499333824645	addons.manager	DEBUG	Starting provider: PluginProvider
1499333824645	addons.manager	DEBUG	Registering shutdown blocker for PluginProvider
1499333824645	addons.manager	DEBUG	Provider finished startup: PluginProvider
1499333824646	addons.manager	DEBUG	Completed startup sequence
1499333825552	Marionette	INFO	Listening on port 49718
1499333825937	DeferredSave.extensions.json	DEBUG	Starting write
1499333825975	addons.manager	DEBUG	Starting provider: <unnamed-provider>
1499333825975	addons.manager	DEBUG	Registering shutdown blocker for <unnamed-provider>
1499333825975	addons.manager	DEBUG	Provider finished startup: <unnamed-provider>
1499333826522	addons.manager	DEBUG	Starting provider: PreviousExperimentProvider
1499333826522	addons.manager	DEBUG	Registering shutdown blocker for PreviousExperimentProvider
1499333826522	addons.manager	DEBUG	Provider finished startup: PreviousExperimentProvider
1499333826825	Marionette	WARN	TLS certificate errors will be ignored for this session
1499333827120	DeferredSave.extensions.json	DEBUG	Write succeeded
1499333827123	addons.xpi-utils	DEBUG	XPI Database saved, setting schema version preference to 19
2017-07-06 11:37:10.304 plugin-container[425:303] *** CFMessagePort: bootstrap_register(): failed 1100 (0x44c) 'Permission denied', port = 0x4b17, name = 'com.apple.tsm.portname'
See /usr/include/servers/bootstrap_defs.h for the error codes.
2017-07-06 11:37:10.306 plugin-container[425:303] *** CFMessagePort: bootstrap_register(): failed 1100 (0x44c) 'Permission denied', port = 0x485f, name = 'com.apple.CFPasteboardClient'
See /usr/include/servers/bootstrap_defs.h for the error codes.
2017-07-06 11:37:10.306 plugin-container[425:303] Failed to allocate communication port for com.apple.CFPasteboardClient; this is likely due to sandbox restrictions
JavaScript error: https://j.adlooxtracking.com/ads/js/tfav_cp1000dbm_ban0727.js, line 31: NS_ERROR_FAILURE: 
JavaScript error: https://j.adlooxtracking.com/ads/js/tfav_cp1000dbm_ban0727.js, line 31: NS_ERROR_FAILURE: 
1499333889059	addons.productaddons	INFO	sending request to: https://aus5.mozilla.org/update/3/GMP/52.0.2/20170323105023/Darwin_x86_64-gcc3-u-i386-x86_64/fr/release/Darwin%2013.4.0/default/default/update.xml
1499333891354	addons.productaddons	INFO	Completed downloading document
JavaScript error: https://j.adlooxtracking.com/ads/js/tfav_cp1000dbm_ban0727.js, line 31: NS_ERROR_FAILURE: 
JavaScript error: https://j.adlooxtracking.com/ads/js/tfav_cp1000dbm_ban0727.js, line 31: NS_ERROR_FAILURE: 
JavaScript error: https://j.adlooxtracking.com/ads/js/tfav_cp1000dbm_ban0727.js, line 31: NS_ERROR_FAILURE: 
JavaScript error: https://j.adlooxtracking.com/ads/js/tfav_cp1000dbm_ban0727.js, line 31: NS_ERROR_FAILURE: 
JavaScript warning: https://tpc.googlesyndication.com/sadbundle/$csp%3Der3%26dns%3Doff$/3552332816774211176/scripts/Glitch_Eff.js, line 210: Error: WebGL: texImage2D: Conversion requires pixel reformatting.
JavaScript warning: https://tpc.googlesyndication.com/sadbundle/$csp%3Der3%26dns%3Doff$/3552332816774211176/scripts/Glitch_Eff.js, line 210: Error: WebGL: texImage2D: Conversion requires pixel reformatting.
JavaScript warning: https://tpc.googlesyndication.com/sadbundle/$csp%3Der3%26dns%3Doff$/3552332816774211176/scripts/Glitch_Eff.js, line 210: Error: WebGL: texImage2D: Conversion requires pixel reformatting.
JavaScript warning: https://tpc.googlesyndication.com/sadbundle/$csp%3Der3%26dns%3Doff$/3552332816774211176/scripts/Glitch_Eff.js, line 210: Error: WebGL: texImage2D: Conversion requires pixel reformatting.
JavaScript warning: https://tpc.googlesyndication.com/sadbundle/$csp%3Der3%26dns%3Doff$/3552332816774211176/scripts/Glitch_Eff.js, line 210: Error: WebGL: texImage2D: Conversion requires pixel reformatting.
JavaScript warning: https://tpc.googlesyndication.com/sadbundle/$csp%3Der3%26dns%3Doff$/3552332816774211176/scripts/Glitch_Eff.js, line 210: Error: WebGL: texImage2D: Conversion requires pixel reformatting.
JavaScript warning: https://tpc.googlesyndication.com/sadbundle/$csp%3Der3%26dns%3Doff$/3552332816774211176/scripts/Glitch_Eff.js, line 210: Error: WebGL: texImage2D: Conversion requires pixel reformatting.
JavaScript warning: https://tpc.googlesyndication.com/sadbundle/$csp%3Der3%26dns%3Doff$/3552332816774211176/scripts/Glitch_Eff.js, line 210: Error: WebGL: texImage2D: Conversion requires pixel reformatting.
JavaScript warning: https://tpc.googlesyndication.com/sadbundle/$csp%3Der3%26dns%3Doff$/3552332816774211176/scripts/Glitch_Eff.js, line 210: Error: WebGL: texImage2D: Conversion requires pixel reformatting.
JavaScript warning: https://tpc.googlesyndication.com/sadbundle/$csp%3Der3%26dns%3Doff$/3552332816774211176/scripts/Glitch_Eff.js, line 210: Error: WebGL: texImage2D: Conversion requires pixel reformatting.
JavaScript warning: https://tpc.googlesyndication.com/sadbundle/$csp%3Der3%26dns%3Doff$/3552332816774211176/scripts/Glitch_Eff.js, line 210: Error: WebGL: texImage2D: Conversion requires pixel reformatting.
JavaScript warning: https://tpc.googlesyndication.com/sadbundle/$csp%3Der3%26dns%3Doff$/3552332816774211176/scripts/Glitch_Eff.js, line 210: Error: WebGL: texImage2D: Conversion requires pixel reformatting.
JavaScript warning: https://tpc.googlesyndication.com/sadbundle/$csp%3Der3%26dns%3Doff$/3552332816774211176/scripts/Glitch_Eff.js, line 210: Error: WebGL: texImage2D: Conversion requires pixel reformatting.
JavaScript warning: https://tpc.googlesyndication.com/sadbundle/$csp%3Der3%26dns%3Doff$/3552332816774211176/scripts/Glitch_Eff.js, line 210: Error: WebGL: texImage2D: Conversion requires pixel reformatting.
JavaScript warning: https://tpc.googlesyndication.com/sadbundle/$csp%3Der3%26dns%3Doff$/3552332816774211176/scripts/Glitch_Eff.js, line 210: Error: WebGL: texImage2D: Conversion requires pixel reformatting.
JavaScript warning: https://tpc.googlesyndication.com/sadbundle/$csp%3Der3%26dns%3Doff$/3552332816774211176/scripts/Glitch_Eff.js, line 210: Error: WebGL: texImage2D: Conversion requires pixel reformatting.
JavaScript warning: https://tpc.googlesyndication.com/sadbundle/$csp%3Der3%26dns%3Doff$/3552332816774211176/scripts/Glitch_Eff.js, line 210: Error: WebGL: texImage2D: Conversion requires pixel reformatting.
JavaScript warning: https://tpc.googlesyndication.com/sadbundle/$csp%3Der3%26dns%3Doff$/3552332816774211176/scripts/Glitch_Eff.js, line 210: Error: WebGL: texImage2D: Conversion requires pixel reformatting.
JavaScript warning: https://tpc.googlesyndication.com/sadbundle/$csp%3Der3%26dns%3Doff$/3552332816774211176/scripts/Glitch_Eff.js, line 210: Error: WebGL: texImage2D: Conversion requires pixel reformatting.
JavaScript warning: https://tpc.googlesyndication.com/sadbundle/$csp%3Der3%26dns%3Doff$/3552332816774211176/scripts/Glitch_Eff.js, line 210: Error: WebGL: texImage2D: Conversion requires pixel reformatting.
JavaScript warning: https://tpc.googlesyndication.com/sadbundle/$csp%3Der3%26dns%3Doff$/3552332816774211176/scripts/Glitch_Eff.js, line 210: Error: WebGL: texImage2D: Conversion requires pixel reformatting.
JavaScript warning: https://tpc.googlesyndication.com/sadbundle/$csp%3Der3%26dns%3Doff$/3552332816774211176/scripts/Glitch_Eff.js, line 210: Error: WebGL: texImage2D: Conversion requires pixel reformatting.
JavaScript warning: https://tpc.googlesyndication.com/sadbundle/$csp%3Der3%26dns%3Doff$/3552332816774211176/scripts/Glitch_Eff.js, line 210: Error: WebGL: texImage2D: Conversion requires pixel reformatting.
JavaScript warning: https://tpc.googlesyndication.com/sadbundle/$csp%3Der3%26dns%3Doff$/3552332816774211176/scripts/Glitch_Eff.js, line 210: Error: WebGL: texImage2D: Conversion requires pixel reformatting.
JavaScript warning: https://tpc.googlesyndication.com/sadbundle/$csp%3Der3%26dns%3Doff$/3552332816774211176/scripts/Glitch_Eff.js, line 210: Error: WebGL: texImage2D: Conversion requires pixel reformatting.
JavaScript warning: https://tpc.googlesyndication.com/sadbundle/$csp%3Der3%26dns%3Doff$/3552332816774211176/scripts/Glitch_Eff.js, line 210: Error: WebGL: texImage2D: Conversion requires pixel reformatting.
JavaScript warning: https://tpc.googlesyndication.com/sadbundle/$csp%3Der3%26dns%3Doff$/3552332816774211176/scripts/Glitch_Eff.js, line 210: Error: WebGL: texImage2D: Conversion requires pixel reformatting.
JavaScript warning: https://tpc.googlesyndication.com/sadbundle/$csp%3Der3%26dns%3Doff$/3552332816774211176/scripts/Glitch_Eff.js, line 210: Error: WebGL: texImage2D: Conversion requires pixel reformatting.
JavaScript warning: https://tpc.googlesyndication.com/sadbundle/$csp%3Der3%26dns%3Doff$/3552332816774211176/scripts/Glitch_Eff.js, line 210: Error: WebGL: texImage2D: Conversion requires pixel reformatting.
JavaScript warning: https://tpc.googlesyndication.com/sadbundle/$csp%3Der3%26dns%3Doff$/3552332816774211176/scripts/Glitch_Eff.js, line 210: Error: WebGL: texImage2D: Conversion requires pixel reformatting.
JavaScript warning: https://tpc.googlesyndication.com/sadbundle/$csp%3Der3%26dns%3Doff$/3552332816774211176/scripts/Glitch_Eff.js, line 210: Error: WebGL: texImage2D: Conversion requires pixel reformatting.
JavaScript warning: https://tpc.googlesyndication.com/sadbundle/$csp%3Der3%26dns%3Doff$/3552332816774211176/scripts/Glitch_Eff.js, line 210: Error: WebGL: texImage2D: Conversion requires pixel reformatting.
JavaScript warning: https://tpc.googlesyndication.com/sadbundle/$csp%3Der3%26dns%3Doff$/3552332816774211176/scripts/Glitch_Eff.js, line 210: Error: WebGL: No further warnings will be reported for this WebGL context. (already reported 32 warnings)
[Child 425] ###!!! ABORT: Aborting on channel error.: file /builds/slave/m-rel-m64-00000000000000000000/build/src/ipc/glue/MessageChannel.cpp, line 2143
[Child 425] ###!!! ABORT: Aborting on channel error.: file /builds/slave/m-rel-m64-00000000000000000000/build/src/ipc/glue/MessageChannel.cpp, line 2143
